09:58:56.791 [qtp243212758-14] ERROR o.t.templateparser.ErrorHandler - [THYMELEAF][qtp243212758-14] Fatal error during parsing
org.xml.sax.SAXParseException: The element type "legend" must be terminated by the matching end-tag "</legend>".
	at com.sun.org.apache.xerces.internal.util.ErrorHandlerWrapper.createSAXParseException(ErrorHandlerWrapper.java:198) ~[na:1.7.0_80]
	at com.sun.org.apache.xerces.internal.util.ErrorHandlerWrapper.fatalError(ErrorHandlerWrapper.java:177) ~[na:1.7.0_80]
	at com.sun.org.apache.xerces.internal.impl.XMLErrorReporter.reportError(XMLErrorReporter.java:441) [na:1.7.0_80]
	at com.sun.org.apache.xerces.internal.impl.XMLErrorReporter.reportError(XMLErrorReporter.java:368) [na:1.7.0_80]
	at com.sun.org.apache.xerces.internal.impl.XMLScanner.reportFatalError(XMLScanner.java:1436) [na:1.7.0_80]
	at com.sun.org.apache.xerces.internal.impl.XMLDocumentFragmentScannerImpl.scanEndElement(XMLDocumentFragmentScannerImpl.java:1749) [na:1.7.0_80]
	at com.sun.org.apache.xerces.internal.impl.XMLDocumentFragmentScannerImpl$FragmentContentDriver.next(XMLDocumentFragmentScannerImpl.java:2973) [na:1.7.0_80]
	at com.sun.org.apache.xerces.internal.impl.XMLDocumentScannerImpl.next(XMLDocumentScannerImpl.java:606) [na:1.7.0_80]
	at com.sun.org.apache.xerces.internal.impl.XMLDocumentFragmentScannerImpl.scanDocument(XMLDocumentFragmentScannerImpl.java:510) [na:1.7.0_80]
	at com.sun.org.apache.xerces.internal.parsers.XML11Configuration.parse(XML11Configuration.java:848) [na:1.7.0_80]
	at com.sun.org.apache.xerces.internal.parsers.XML11Configuration.parse(XML11Configuration.java:777) [na:1.7.0_80]
	at com.sun.org.apache.xerces.internal.parsers.XMLParser.parse(XMLParser.java:141) [na:1.7.0_80]
	at com.sun.org.apache.xerces.internal.parsers.AbstractSAXParser.parse(AbstractSAXParser.java:1213) [na:1.7.0_80]
	at com.sun.org.apache.xerces.internal.jaxp.SAXParserImpl$JAXPSAXParser.parse(SAXParserImpl.java:648) [na:1.7.0_80]
	at com.sun.org.apache.xerces.internal.jaxp.SAXParserImpl.parse(SAXParserImpl.java:332) [na:1.7.0_80]
	at org.thymeleaf.templateparser.xmlsax.AbstractNonValidatingSAXTemplateParser.doParse(AbstractNonValidatingSAXTemplateParser.java:210) [thymeleaf-2.0.19.jar:na]
	at org.thymeleaf.templateparser.xmlsax.AbstractNonValidatingSAXTemplateParser.parseTemplateUsingPool(AbstractNonValidatingSAXTemplateParser.java:134) [thymeleaf-2.0.19.jar:na]
	at org.thymeleaf.templateparser.xmlsax.AbstractNonValidatingSAXTemplateParser.parseTemplate(AbstractNonValidatingSAXTemplateParser.java:117) [thymeleaf-2.0.19.jar:na]
	at org.thymeleaf.TemplateRepository.getTemplate(TemplateRepository.java:277) [thymeleaf-2.0.19.jar:na]
	at org.thymeleaf.TemplateEngine.process(TemplateEngine.java:1193) [thymeleaf-2.0.19.jar:na]
	at org.thymeleaf.TemplateEngine.process(TemplateEngine.java:1149) [thymeleaf-2.0.19.jar:na]
	at org.thymeleaf.TemplateEngine.process(TemplateEngine.java:1096) [thymeleaf-2.0.19.jar:na]
	at org.thymeleaf.TemplateEngine.process(TemplateEngine.java:1040) [thymeleaf-2.0.19.jar:na]
	at hxc.userinterfaces.gui.controller.Login.defaultHandler(Login.java:43) [classes/:na]
	at sun.reflect.NativeMethodAccessorImpl.invoke0(Native Method) ~[na:1.7.0_80]
	at sun.reflect.NativeMethodAccessorImpl.invoke(NativeMethodAccessorImpl.java:57) ~[na:1.7.0_80]
	at sun.reflect.DelegatingMethodAccessorImpl.invoke(DelegatingMethodAccessorImpl.java:43) ~[na:1.7.0_80]
	at java.lang.reflect.Method.invoke(Method.java:606) ~[na:1.7.0_80]
	at hxc.userinterfaces.gui.structs.BaseServlet.processRequest(BaseServlet.java:85) [classes/:na]
	at hxc.userinterfaces.gui.structs.BaseServlet.doGet(BaseServlet.java:50) [classes/:na]
	at javax.servlet.http.HttpServlet.service(HttpServlet.java:687) [javax.servlet-api-3.1.0.jar:3.1.0]
	at javax.servlet.http.HttpServlet.service(HttpServlet.java:790) [javax.servlet-api-3.1.0.jar:3.1.0]
	at org.eclipse.jetty.servlet.ServletHolder.handle(ServletHolder.java:711) [jetty-servlet-9.1.3.v20140225.jar:9.1.3.v20140225]
	at org.eclipse.jetty.servlet.ServletHandler.doHandle(ServletHandler.java:552) [jetty-servlet-9.1.3.v20140225.jar:9.1.3.v20140225]
	at org.eclipse.jetty.server.handler.ScopedHandler.handle(ScopedHandler.java:143) [jetty-server-9.1.3.v20140225.jar:9.1.3.v20140225]
	at org.eclipse.jetty.security.SecurityHandler.handle(SecurityHandler.java:586) [jetty-security-9.1.3.v20140225.jar:9.1.3.v20140225]
	at org.eclipse.jetty.server.session.SessionHandler.doHandle(SessionHandler.java:221) [jetty-server-9.1.3.v20140225.jar:9.1.3.v20140225]
	at org.eclipse.jetty.server.handler.ContextHandler.doHandle(ContextHandler.java:1112) [jetty-server-9.1.3.v20140225.jar:9.1.3.v20140225]
	at org.eclipse.jetty.servlet.ServletHandler.doScope(ServletHandler.java:479) [jetty-servlet-9.1.3.v20140225.jar:9.1.3.v20140225]
	at org.eclipse.jetty.server.session.SessionHandler.doScope(SessionHandler.java:183) [jetty-server-9.1.3.v20140225.jar:9.1.3.v20140225]
	at org.eclipse.jetty.server.handler.ContextHandler.doScope(ContextHandler.java:1046) [jetty-server-9.1.3.v20140225.jar:9.1.3.v20140225]
	at org.eclipse.jetty.server.handler.ScopedHandler.handle(ScopedHandler.java:141) [jetty-server-9.1.3.v20140225.jar:9.1.3.v20140225]
	at org.eclipse.jetty.server.Dispatcher.forward(Dispatcher.java:261) [jetty-server-9.1.3.v20140225.jar:9.1.3.v20140225]
	at org.eclipse.jetty.server.Dispatcher.forward(Dispatcher.java:101) [jetty-server-9.1.3.v20140225.jar:9.1.3.v20140225]
	at hxc.userinterfaces.gui.controller.MainServlet.processRequest(MainServlet.java:50) [classes/:na]
	at hxc.userinterfaces.gui.controller.MainServlet.doGet(MainServlet.java:76) [classes/:na]
	at javax.servlet.http.HttpServlet.service(HttpServlet.java:687) [javax.servlet-api-3.1.0.jar:3.1.0]
	at javax.servlet.http.HttpServlet.service(HttpServlet.java:790) [javax.servlet-api-3.1.0.jar:3.1.0]
	at org.eclipse.jetty.servlet.ServletHolder.handle(ServletHolder.java:711) [jetty-servlet-9.1.3.v20140225.jar:9.1.3.v20140225]
	at org.eclipse.jetty.servlet.ServletHandler.doHandle(ServletHandler.java:552) [jetty-servlet-9.1.3.v20140225.jar:9.1.3.v20140225]
	at org.eclipse.jetty.server.handler.ScopedHandler.handle(ScopedHandler.java:143) [jetty-server-9.1.3.v20140225.jar:9.1.3.v20140225]
	at org.eclipse.jetty.security.SecurityHandler.handle(SecurityHandler.java:568) [jetty-security-9.1.3.v20140225.jar:9.1.3.v20140225]
	at org.eclipse.jetty.server.session.SessionHandler.doHandle(SessionHandler.java:221) [jetty-server-9.1.3.v20140225.jar:9.1.3.v20140225]
	at org.eclipse.jetty.server.handler.ContextHandler.doHandle(ContextHandler.java:1112) [jetty-server-9.1.3.v20140225.jar:9.1.3.v20140225]
	at org.eclipse.jetty.servlet.ServletHandler.doScope(ServletHandler.java:479) [jetty-servlet-9.1.3.v20140225.jar:9.1.3.v20140225]
	at org.eclipse.jetty.server.session.SessionHandler.doScope(SessionHandler.java:183) [jetty-server-9.1.3.v20140225.jar:9.1.3.v20140225]
	at org.eclipse.jetty.server.handler.ContextHandler.doScope(ContextHandler.java:1046) [jetty-server-9.1.3.v20140225.jar:9.1.3.v20140225]
	at org.eclipse.jetty.server.handler.ScopedHandler.handle(ScopedHandler.java:141) [jetty-server-9.1.3.v20140225.jar:9.1.3.v20140225]
	at org.eclipse.jetty.server.handler.ContextHandlerCollection.handle(ContextHandlerCollection.java:199) [jetty-server-9.1.3.v20140225.jar:9.1.3.v20140225]
	at org.eclipse.jetty.server.handler.HandlerWrapper.handle(HandlerWrapper.java:97) [jetty-server-9.1.3.v20140225.jar:9.1.3.v20140225]
	at org.eclipse.jetty.server.Server.handle(Server.java:462) [jetty-server-9.1.3.v20140225.jar:9.1.3.v20140225]
	at org.eclipse.jetty.server.HttpChannel.handle(HttpChannel.java:281) [jetty-server-9.1.3.v20140225.jar:9.1.3.v20140225]
	at org.eclipse.jetty.server.HttpConnection.onFillable(HttpConnection.java:232) [jetty-server-9.1.3.v20140225.jar:9.1.3.v20140225]
	at org.eclipse.jetty.io.AbstractConnection$1.run(AbstractConnection.java:505) [jetty-io-9.1.3.v20140225.jar:9.1.3.v20140225]
	at org.eclipse.jetty.util.thread.QueuedThreadPool.runJob(QueuedThreadPool.java:607) [jetty-util-9.1.3.v20140225.jar:9.1.3.v20140225]
	at org.eclipse.jetty.util.thread.QueuedThreadPool$3.run(QueuedThreadPool.java:536) [jetty-util-9.1.3.v20140225.jar:9.1.3.v20140225]
	at java.lang.Thread.run(Thread.java:745) [na:1.7.0_80]
09:58:56.817 [qtp243212758-14] ERROR org.thymeleaf.TemplateEngine - [THYMELEAF][qtp243212758-14] Exception processing template "login": Exception parsing document: template="login", line 43 - column 7
09:58:59.075 [qtp243212758-12] ERROR o.t.templateparser.ErrorHandler - [THYMELEAF][qtp243212758-12] Fatal error during parsing
org.xml.sax.SAXParseException: The element type "legend" must be terminated by the matching end-tag "</legend>".
	at com.sun.org.apache.xerces.internal.util.ErrorHandlerWrapper.createSAXParseException(ErrorHandlerWrapper.java:198) ~[na:1.7.0_80]
	at com.sun.org.apache.xerces.internal.util.ErrorHandlerWrapper.fatalError(ErrorHandlerWrapper.java:177) ~[na:1.7.0_80]
	at com.sun.org.apache.xerces.internal.impl.XMLErrorReporter.reportError(XMLErrorReporter.java:441) [na:1.7.0_80]
	at com.sun.org.apache.xerces.internal.impl.XMLErrorReporter.reportError(XMLErrorReporter.java:368) [na:1.7.0_80]
	at com.sun.org.apache.xerces.internal.impl.XMLScanner.reportFatalError(XMLScanner.java:1436) [na:1.7.0_80]
	at com.sun.org.apache.xerces.internal.impl.XMLDocumentFragmentScannerImpl.scanEndElement(XMLDocumentFragmentScannerImpl.java:1749) [na:1.7.0_80]
	at com.sun.org.apache.xerces.internal.impl.XMLDocumentFragmentScannerImpl$FragmentContentDriver.next(XMLDocumentFragmentScannerImpl.java:2973) [na:1.7.0_80]
	at com.sun.org.apache.xerces.internal.impl.XMLDocumentScannerImpl.next(XMLDocumentScannerImpl.java:606) [na:1.7.0_80]
	at com.sun.org.apache.xerces.internal.impl.XMLDocumentFragmentScannerImpl.scanDocument(XMLDocumentFragmentScannerImpl.java:510) [na:1.7.0_80]
	at com.sun.org.apache.xerces.internal.parsers.XML11Configuration.parse(XML11Configuration.java:848) [na:1.7.0_80]
	at com.sun.org.apache.xerces.internal.parsers.XML11Configuration.parse(XML11Configuration.java:777) [na:1.7.0_80]
	at com.sun.org.apache.xerces.internal.parsers.XMLParser.parse(XMLParser.java:141) [na:1.7.0_80]
	at com.sun.org.apache.xerces.internal.parsers.AbstractSAXParser.parse(AbstractSAXParser.java:1213) [na:1.7.0_80]
	at com.sun.org.apache.xerces.internal.jaxp.SAXParserImpl$JAXPSAXParser.parse(SAXParserImpl.java:648) [na:1.7.0_80]
	at com.sun.org.apache.xerces.internal.jaxp.SAXParserImpl.parse(SAXParserImpl.java:332) [na:1.7.0_80]
	at org.thymeleaf.templateparser.xmlsax.AbstractNonValidatingSAXTemplateParser.doParse(AbstractNonValidatingSAXTemplateParser.java:210) [thymeleaf-2.0.19.jar:na]
	at org.thymeleaf.templateparser.xmlsax.AbstractNonValidatingSAXTemplateParser.parseTemplateUsingPool(AbstractNonValidatingSAXTemplateParser.java:134) [thymeleaf-2.0.19.jar:na]
	at org.thymeleaf.templateparser.xmlsax.AbstractNonValidatingSAXTemplateParser.parseTemplate(AbstractNonValidatingSAXTemplateParser.java:117) [thymeleaf-2.0.19.jar:na]
	at org.thymeleaf.TemplateRepository.getTemplate(TemplateRepository.java:277) [thymeleaf-2.0.19.jar:na]
	at org.thymeleaf.TemplateEngine.process(TemplateEngine.java:1193) [thymeleaf-2.0.19.jar:na]
	at org.thymeleaf.TemplateEngine.process(TemplateEngine.java:1149) [thymeleaf-2.0.19.jar:na]
	at org.thymeleaf.TemplateEngine.process(TemplateEngine.java:1096) [thymeleaf-2.0.19.jar:na]
	at org.thymeleaf.TemplateEngine.process(TemplateEngine.java:1040) [thymeleaf-2.0.19.jar:na]
	at hxc.userinterfaces.gui.controller.Login.defaultHandler(Login.java:43) [classes/:na]
	at sun.reflect.NativeMethodAccessorImpl.invoke0(Native Method) ~[na:1.7.0_80]
	at sun.reflect.NativeMethodAccessorImpl.invoke(NativeMethodAccessorImpl.java:57) ~[na:1.7.0_80]
	at sun.reflect.DelegatingMethodAccessorImpl.invoke(DelegatingMethodAccessorImpl.java:43) ~[na:1.7.0_80]
	at java.lang.reflect.Method.invoke(Method.java:606) ~[na:1.7.0_80]
	at hxc.userinterfaces.gui.structs.BaseServlet.processRequest(BaseServlet.java:85) [classes/:na]
	at hxc.userinterfaces.gui.structs.BaseServlet.doGet(BaseServlet.java:50) [classes/:na]
	at javax.servlet.http.HttpServlet.service(HttpServlet.java:687) [javax.servlet-api-3.1.0.jar:3.1.0]
	at javax.servlet.http.HttpServlet.service(HttpServlet.java:790) [javax.servlet-api-3.1.0.jar:3.1.0]
	at org.eclipse.jetty.servlet.ServletHolder.handle(ServletHolder.java:711) [jetty-servlet-9.1.3.v20140225.jar:9.1.3.v20140225]
	at org.eclipse.jetty.servlet.ServletHandler.doHandle(ServletHandler.java:552) [jetty-servlet-9.1.3.v20140225.jar:9.1.3.v20140225]
	at org.eclipse.jetty.server.handler.ScopedHandler.handle(ScopedHandler.java:143) [jetty-server-9.1.3.v20140225.jar:9.1.3.v20140225]
	at org.eclipse.jetty.security.SecurityHandler.handle(SecurityHandler.java:586) [jetty-security-9.1.3.v20140225.jar:9.1.3.v20140225]
	at org.eclipse.jetty.server.session.SessionHandler.doHandle(SessionHandler.java:221) [jetty-server-9.1.3.v20140225.jar:9.1.3.v20140225]
	at org.eclipse.jetty.server.handler.ContextHandler.doHandle(ContextHandler.java:1112) [jetty-server-9.1.3.v20140225.jar:9.1.3.v20140225]
	at org.eclipse.jetty.servlet.ServletHandler.doScope(ServletHandler.java:479) [jetty-servlet-9.1.3.v20140225.jar:9.1.3.v20140225]
	at org.eclipse.jetty.server.session.SessionHandler.doScope(SessionHandler.java:183) [jetty-server-9.1.3.v20140225.jar:9.1.3.v20140225]
	at org.eclipse.jetty.server.handler.ContextHandler.doScope(ContextHandler.java:1046) [jetty-server-9.1.3.v20140225.jar:9.1.3.v20140225]
	at org.eclipse.jetty.server.handler.ScopedHandler.handle(ScopedHandler.java:141) [jetty-server-9.1.3.v20140225.jar:9.1.3.v20140225]
	at org.eclipse.jetty.server.Dispatcher.forward(Dispatcher.java:261) [jetty-server-9.1.3.v20140225.jar:9.1.3.v20140225]
	at org.eclipse.jetty.server.Dispatcher.forward(Dispatcher.java:101) [jetty-server-9.1.3.v20140225.jar:9.1.3.v20140225]
	at hxc.userinterfaces.gui.controller.MainServlet.processRequest(MainServlet.java:50) [classes/:na]
	at hxc.userinterfaces.gui.controller.MainServlet.doGet(MainServlet.java:76) [classes/:na]
	at javax.servlet.http.HttpServlet.service(HttpServlet.java:687) [javax.servlet-api-3.1.0.jar:3.1.0]
	at javax.servlet.http.HttpServlet.service(HttpServlet.java:790) [javax.servlet-api-3.1.0.jar:3.1.0]
	at org.eclipse.jetty.servlet.ServletHolder.handle(ServletHolder.java:711) [jetty-servlet-9.1.3.v20140225.jar:9.1.3.v20140225]
	at org.eclipse.jetty.servlet.ServletHandler.doHandle(ServletHandler.java:552) [jetty-servlet-9.1.3.v20140225.jar:9.1.3.v20140225]
	at org.eclipse.jetty.server.handler.ScopedHandler.handle(ScopedHandler.java:143) [jetty-server-9.1.3.v20140225.jar:9.1.3.v20140225]
	at org.eclipse.jetty.security.SecurityHandler.handle(SecurityHandler.java:568) [jetty-security-9.1.3.v20140225.jar:9.1.3.v20140225]
	at org.eclipse.jetty.server.session.SessionHandler.doHandle(SessionHandler.java:221) [jetty-server-9.1.3.v20140225.jar:9.1.3.v20140225]
	at org.eclipse.jetty.server.handler.ContextHandler.doHandle(ContextHandler.java:1112) [jetty-server-9.1.3.v20140225.jar:9.1.3.v20140225]
	at org.eclipse.jetty.servlet.ServletHandler.doScope(ServletHandler.java:479) [jetty-servlet-9.1.3.v20140225.jar:9.1.3.v20140225]
	at org.eclipse.jetty.server.session.SessionHandler.doScope(SessionHandler.java:183) [jetty-server-9.1.3.v20140225.jar:9.1.3.v20140225]
	at org.eclipse.jetty.server.handler.ContextHandler.doScope(ContextHandler.java:1046) [jetty-server-9.1.3.v20140225.jar:9.1.3.v20140225]
	at org.eclipse.jetty.server.handler.ScopedHandler.handle(ScopedHandler.java:141) [jetty-server-9.1.3.v20140225.jar:9.1.3.v20140225]
	at org.eclipse.jetty.server.handler.ContextHandlerCollection.handle(ContextHandlerCollection.java:199) [jetty-server-9.1.3.v20140225.jar:9.1.3.v20140225]
	at org.eclipse.jetty.server.handler.HandlerWrapper.handle(HandlerWrapper.java:97) [jetty-server-9.1.3.v20140225.jar:9.1.3.v20140225]
	at org.eclipse.jetty.server.Server.handle(Server.java:462) [jetty-server-9.1.3.v20140225.jar:9.1.3.v20140225]
	at org.eclipse.jetty.server.HttpChannel.handle(HttpChannel.java:281) [jetty-server-9.1.3.v20140225.jar:9.1.3.v20140225]
	at org.eclipse.jetty.server.HttpConnection.onFillable(HttpConnection.java:232) [jetty-server-9.1.3.v20140225.jar:9.1.3.v20140225]
	at org.eclipse.jetty.io.AbstractConnection$1.run(AbstractConnection.java:505) [jetty-io-9.1.3.v20140225.jar:9.1.3.v20140225]
	at org.eclipse.jetty.util.thread.QueuedThreadPool.runJob(QueuedThreadPool.java:607) [jetty-util-9.1.3.v20140225.jar:9.1.3.v20140225]
	at org.eclipse.jetty.util.thread.QueuedThreadPool$3.run(QueuedThreadPool.java:536) [jetty-util-9.1.3.v20140225.jar:9.1.3.v20140225]
	at java.lang.Thread.run(Thread.java:745) [na:1.7.0_80]
09:58:59.078 [qtp243212758-12] ERROR org.thymeleaf.TemplateEngine - [THYMELEAF][qtp243212758-12] Exception processing template "login": Exception parsing document: template="login", line 43 - column 7
09:58:59.951 [qtp243212758-13] ERROR o.t.templateparser.ErrorHandler - [THYMELEAF][qtp243212758-13] Fatal error during parsing
org.xml.sax.SAXParseException: The element type "legend" must be terminated by the matching end-tag "</legend>".
	at com.sun.org.apache.xerces.internal.util.ErrorHandlerWrapper.createSAXParseException(ErrorHandlerWrapper.java:198) ~[na:1.7.0_80]
	at com.sun.org.apache.xerces.internal.util.ErrorHandlerWrapper.fatalError(ErrorHandlerWrapper.java:177) ~[na:1.7.0_80]
	at com.sun.org.apache.xerces.internal.impl.XMLErrorReporter.reportError(XMLErrorReporter.java:441) [na:1.7.0_80]
	at com.sun.org.apache.xerces.internal.impl.XMLErrorReporter.reportError(XMLErrorReporter.java:368) [na:1.7.0_80]
	at com.sun.org.apache.xerces.internal.impl.XMLScanner.reportFatalError(XMLScanner.java:1436) [na:1.7.0_80]
	at com.sun.org.apache.xerces.internal.impl.XMLDocumentFragmentScannerImpl.scanEndElement(XMLDocumentFragmentScannerImpl.java:1749) [na:1.7.0_80]
	at com.sun.org.apache.xerces.internal.impl.XMLDocumentFragmentScannerImpl$FragmentContentDriver.next(XMLDocumentFragmentScannerImpl.java:2973) [na:1.7.0_80]
	at com.sun.org.apache.xerces.internal.impl.XMLDocumentScannerImpl.next(XMLDocumentScannerImpl.java:606) [na:1.7.0_80]
	at com.sun.org.apache.xerces.internal.impl.XMLDocumentFragmentScannerImpl.scanDocument(XMLDocumentFragmentScannerImpl.java:510) [na:1.7.0_80]
	at com.sun.org.apache.xerces.internal.parsers.XML11Configuration.parse(XML11Configuration.java:848) [na:1.7.0_80]
	at com.sun.org.apache.xerces.internal.parsers.XML11Configuration.parse(XML11Configuration.java:777) [na:1.7.0_80]
	at com.sun.org.apache.xerces.internal.parsers.XMLParser.parse(XMLParser.java:141) [na:1.7.0_80]
	at com.sun.org.apache.xerces.internal.parsers.AbstractSAXParser.parse(AbstractSAXParser.java:1213) [na:1.7.0_80]
	at com.sun.org.apache.xerces.internal.jaxp.SAXParserImpl$JAXPSAXParser.parse(SAXParserImpl.java:648) [na:1.7.0_80]
	at com.sun.org.apache.xerces.internal.jaxp.SAXParserImpl.parse(SAXParserImpl.java:332) [na:1.7.0_80]
	at org.thymeleaf.templateparser.xmlsax.AbstractNonValidatingSAXTemplateParser.doParse(AbstractNonValidatingSAXTemplateParser.java:210) [thymeleaf-2.0.19.jar:na]
	at org.thymeleaf.templateparser.xmlsax.AbstractNonValidatingSAXTemplateParser.parseTemplateUsingPool(AbstractNonValidatingSAXTemplateParser.java:134) [thymeleaf-2.0.19.jar:na]
	at org.thymeleaf.templateparser.xmlsax.AbstractNonValidatingSAXTemplateParser.parseTemplate(AbstractNonValidatingSAXTemplateParser.java:117) [thymeleaf-2.0.19.jar:na]
	at org.thymeleaf.TemplateRepository.getTemplate(TemplateRepository.java:277) [thymeleaf-2.0.19.jar:na]
	at org.thymeleaf.TemplateEngine.process(TemplateEngine.java:1193) [thymeleaf-2.0.19.jar:na]
	at org.thymeleaf.TemplateEngine.process(TemplateEngine.java:1149) [thymeleaf-2.0.19.jar:na]
	at org.thymeleaf.TemplateEngine.process(TemplateEngine.java:1096) [thymeleaf-2.0.19.jar:na]
	at org.thymeleaf.TemplateEngine.process(TemplateEngine.java:1040) [thymeleaf-2.0.19.jar:na]
	at hxc.userinterfaces.gui.controller.Login.defaultHandler(Login.java:43) [classes/:na]
	at sun.reflect.NativeMethodAccessorImpl.invoke0(Native Method) ~[na:1.7.0_80]
	at sun.reflect.NativeMethodAccessorImpl.invoke(NativeMethodAccessorImpl.java:57) ~[na:1.7.0_80]
	at sun.reflect.DelegatingMethodAccessorImpl.invoke(DelegatingMethodAccessorImpl.java:43) ~[na:1.7.0_80]
	at java.lang.reflect.Method.invoke(Method.java:606) ~[na:1.7.0_80]
	at hxc.userinterfaces.gui.structs.BaseServlet.processRequest(BaseServlet.java:85) [classes/:na]
	at hxc.userinterfaces.gui.structs.BaseServlet.doGet(BaseServlet.java:50) [classes/:na]
	at javax.servlet.http.HttpServlet.service(HttpServlet.java:687) [javax.servlet-api-3.1.0.jar:3.1.0]
	at javax.servlet.http.HttpServlet.service(HttpServlet.java:790) [javax.servlet-api-3.1.0.jar:3.1.0]
	at org.eclipse.jetty.servlet.ServletHolder.handle(ServletHolder.java:711) [jetty-servlet-9.1.3.v20140225.jar:9.1.3.v20140225]
	at org.eclipse.jetty.servlet.ServletHandler.doHandle(ServletHandler.java:552) [jetty-servlet-9.1.3.v20140225.jar:9.1.3.v20140225]
	at org.eclipse.jetty.server.handler.ScopedHandler.handle(ScopedHandler.java:143) [jetty-server-9.1.3.v20140225.jar:9.1.3.v20140225]
	at org.eclipse.jetty.security.SecurityHandler.handle(SecurityHandler.java:586) [jetty-security-9.1.3.v20140225.jar:9.1.3.v20140225]
	at org.eclipse.jetty.server.session.SessionHandler.doHandle(SessionHandler.java:221) [jetty-server-9.1.3.v20140225.jar:9.1.3.v20140225]
	at org.eclipse.jetty.server.handler.ContextHandler.doHandle(ContextHandler.java:1112) [jetty-server-9.1.3.v20140225.jar:9.1.3.v20140225]
	at org.eclipse.jetty.servlet.ServletHandler.doScope(ServletHandler.java:479) [jetty-servlet-9.1.3.v20140225.jar:9.1.3.v20140225]
	at org.eclipse.jetty.server.session.SessionHandler.doScope(SessionHandler.java:183) [jetty-server-9.1.3.v20140225.jar:9.1.3.v20140225]
	at org.eclipse.jetty.server.handler.ContextHandler.doScope(ContextHandler.java:1046) [jetty-server-9.1.3.v20140225.jar:9.1.3.v20140225]
	at org.eclipse.jetty.server.handler.ScopedHandler.handle(ScopedHandler.java:141) [jetty-server-9.1.3.v20140225.jar:9.1.3.v20140225]
	at org.eclipse.jetty.server.Dispatcher.forward(Dispatcher.java:261) [jetty-server-9.1.3.v20140225.jar:9.1.3.v20140225]
	at org.eclipse.jetty.server.Dispatcher.forward(Dispatcher.java:101) [jetty-server-9.1.3.v20140225.jar:9.1.3.v20140225]
	at hxc.userinterfaces.gui.controller.MainServlet.processRequest(MainServlet.java:50) [classes/:na]
	at hxc.userinterfaces.gui.controller.MainServlet.doGet(MainServlet.java:76) [classes/:na]
	at javax.servlet.http.HttpServlet.service(HttpServlet.java:687) [javax.servlet-api-3.1.0.jar:3.1.0]
	at javax.servlet.http.HttpServlet.service(HttpServlet.java:790) [javax.servlet-api-3.1.0.jar:3.1.0]
	at org.eclipse.jetty.servlet.ServletHolder.handle(ServletHolder.java:711) [jetty-servlet-9.1.3.v20140225.jar:9.1.3.v20140225]
	at org.eclipse.jetty.servlet.ServletHandler.doHandle(ServletHandler.java:552) [jetty-servlet-9.1.3.v20140225.jar:9.1.3.v20140225]
	at org.eclipse.jetty.server.handler.ScopedHandler.handle(ScopedHandler.java:143) [jetty-server-9.1.3.v20140225.jar:9.1.3.v20140225]
	at org.eclipse.jetty.security.SecurityHandler.handle(SecurityHandler.java:568) [jetty-security-9.1.3.v20140225.jar:9.1.3.v20140225]
	at org.eclipse.jetty.server.session.SessionHandler.doHandle(SessionHandler.java:221) [jetty-server-9.1.3.v20140225.jar:9.1.3.v20140225]
	at org.eclipse.jetty.server.handler.ContextHandler.doHandle(ContextHandler.java:1112) [jetty-server-9.1.3.v20140225.jar:9.1.3.v20140225]
	at org.eclipse.jetty.servlet.ServletHandler.doScope(ServletHandler.java:479) [jetty-servlet-9.1.3.v20140225.jar:9.1.3.v20140225]
	at org.eclipse.jetty.server.session.SessionHandler.doScope(SessionHandler.java:183) [jetty-server-9.1.3.v20140225.jar:9.1.3.v20140225]
	at org.eclipse.jetty.server.handler.ContextHandler.doScope(ContextHandler.java:1046) [jetty-server-9.1.3.v20140225.jar:9.1.3.v20140225]
	at org.eclipse.jetty.server.handler.ScopedHandler.handle(ScopedHandler.java:141) [jetty-server-9.1.3.v20140225.jar:9.1.3.v20140225]
	at org.eclipse.jetty.server.handler.ContextHandlerCollection.handle(ContextHandlerCollection.java:199) [jetty-server-9.1.3.v20140225.jar:9.1.3.v20140225]
	at org.eclipse.jetty.server.handler.HandlerWrapper.handle(HandlerWrapper.java:97) [jetty-server-9.1.3.v20140225.jar:9.1.3.v20140225]
	at org.eclipse.jetty.server.Server.handle(Server.java:462) [jetty-server-9.1.3.v20140225.jar:9.1.3.v20140225]
	at org.eclipse.jetty.server.HttpChannel.handle(HttpChannel.java:281) [jetty-server-9.1.3.v20140225.jar:9.1.3.v20140225]
	at org.eclipse.jetty.server.HttpConnection.onFillable(HttpConnection.java:232) [jetty-server-9.1.3.v20140225.jar:9.1.3.v20140225]
	at org.eclipse.jetty.io.AbstractConnection$1.run(AbstractConnection.java:505) [jetty-io-9.1.3.v20140225.jar:9.1.3.v20140225]
	at org.eclipse.jetty.util.thread.QueuedThreadPool.runJob(QueuedThreadPool.java:607) [jetty-util-9.1.3.v20140225.jar:9.1.3.v20140225]
	at org.eclipse.jetty.util.thread.QueuedThreadPool$3.run(QueuedThreadPool.java:536) [jetty-util-9.1.3.v20140225.jar:9.1.3.v20140225]
	at java.lang.Thread.run(Thread.java:745) [na:1.7.0_80]
09:58:59.952 [qtp243212758-13] ERROR org.thymeleaf.TemplateEngine - [THYMELEAF][qtp243212758-13] Exception processing template "login": Exception parsing document: template="login", line 43 - column 7
09:59:06.955 [qtp243212758-14] ERROR o.t.templateparser.ErrorHandler - [THYMELEAF][qtp243212758-14] Fatal error during parsing
org.xml.sax.SAXParseException: The element type "legend" must be terminated by the matching end-tag "</legend>".
	at com.sun.org.apache.xerces.internal.util.ErrorHandlerWrapper.createSAXParseException(ErrorHandlerWrapper.java:198) ~[na:1.7.0_80]
	at com.sun.org.apache.xerces.internal.util.ErrorHandlerWrapper.fatalError(ErrorHandlerWrapper.java:177) ~[na:1.7.0_80]
	at com.sun.org.apache.xerces.internal.impl.XMLErrorReporter.reportError(XMLErrorReporter.java:441) [na:1.7.0_80]
	at com.sun.org.apache.xerces.internal.impl.XMLErrorReporter.reportError(XMLErrorReporter.java:368) [na:1.7.0_80]
	at com.sun.org.apache.xerces.internal.impl.XMLScanner.reportFatalError(XMLScanner.java:1436) [na:1.7.0_80]
	at com.sun.org.apache.xerces.internal.impl.XMLDocumentFragmentScannerImpl.scanEndElement(XMLDocumentFragmentScannerImpl.java:1749) [na:1.7.0_80]
	at com.sun.org.apache.xerces.internal.impl.XMLDocumentFragmentScannerImpl$FragmentContentDriver.next(XMLDocumentFragmentScannerImpl.java:2973) [na:1.7.0_80]
	at com.sun.org.apache.xerces.internal.impl.XMLDocumentScannerImpl.next(XMLDocumentScannerImpl.java:606) [na:1.7.0_80]
	at com.sun.org.apache.xerces.internal.impl.XMLDocumentFragmentScannerImpl.scanDocument(XMLDocumentFragmentScannerImpl.java:510) [na:1.7.0_80]
	at com.sun.org.apache.xerces.internal.parsers.XML11Configuration.parse(XML11Configuration.java:848) [na:1.7.0_80]
	at com.sun.org.apache.xerces.internal.parsers.XML11Configuration.parse(XML11Configuration.java:777) [na:1.7.0_80]
	at com.sun.org.apache.xerces.internal.parsers.XMLParser.parse(XMLParser.java:141) [na:1.7.0_80]
	at com.sun.org.apache.xerces.internal.parsers.AbstractSAXParser.parse(AbstractSAXParser.java:1213) [na:1.7.0_80]
	at com.sun.org.apache.xerces.internal.jaxp.SAXParserImpl$JAXPSAXParser.parse(SAXParserImpl.java:648) [na:1.7.0_80]
	at com.sun.org.apache.xerces.internal.jaxp.SAXParserImpl.parse(SAXParserImpl.java:332) [na:1.7.0_80]
	at org.thymeleaf.templateparser.xmlsax.AbstractNonValidatingSAXTemplateParser.doParse(AbstractNonValidatingSAXTemplateParser.java:210) [thymeleaf-2.0.19.jar:na]
	at org.thymeleaf.templateparser.xmlsax.AbstractNonValidatingSAXTemplateParser.parseTemplateUsingPool(AbstractNonValidatingSAXTemplateParser.java:134) [thymeleaf-2.0.19.jar:na]
	at org.thymeleaf.templateparser.xmlsax.AbstractNonValidatingSAXTemplateParser.parseTemplate(AbstractNonValidatingSAXTemplateParser.java:117) [thymeleaf-2.0.19.jar:na]
	at org.thymeleaf.TemplateRepository.getTemplate(TemplateRepository.java:277) [thymeleaf-2.0.19.jar:na]
	at org.thymeleaf.TemplateEngine.process(TemplateEngine.java:1193) [thymeleaf-2.0.19.jar:na]
	at org.thymeleaf.TemplateEngine.process(TemplateEngine.java:1149) [thymeleaf-2.0.19.jar:na]
	at org.thymeleaf.TemplateEngine.process(TemplateEngine.java:1096) [thymeleaf-2.0.19.jar:na]
	at org.thymeleaf.TemplateEngine.process(TemplateEngine.java:1040) [thymeleaf-2.0.19.jar:na]
	at hxc.userinterfaces.gui.controller.Login.defaultHandler(Login.java:43) [classes/:na]
	at sun.reflect.NativeMethodAccessorImpl.invoke0(Native Method) ~[na:1.7.0_80]
	at sun.reflect.NativeMethodAccessorImpl.invoke(NativeMethodAccessorImpl.java:57) ~[na:1.7.0_80]
	at sun.reflect.DelegatingMethodAccessorImpl.invoke(DelegatingMethodAccessorImpl.java:43) ~[na:1.7.0_80]
	at java.lang.reflect.Method.invoke(Method.java:606) ~[na:1.7.0_80]
	at hxc.userinterfaces.gui.structs.BaseServlet.processRequest(BaseServlet.java:85) [classes/:na]
	at hxc.userinterfaces.gui.structs.BaseServlet.doGet(BaseServlet.java:50) [classes/:na]
	at javax.servlet.http.HttpServlet.service(HttpServlet.java:687) [javax.servlet-api-3.1.0.jar:3.1.0]
	at javax.servlet.http.HttpServlet.service(HttpServlet.java:790) [javax.servlet-api-3.1.0.jar:3.1.0]
	at org.eclipse.jetty.servlet.ServletHolder.handle(ServletHolder.java:711) [jetty-servlet-9.1.3.v20140225.jar:9.1.3.v20140225]
	at org.eclipse.jetty.servlet.ServletHandler.doHandle(ServletHandler.java:552) [jetty-servlet-9.1.3.v20140225.jar:9.1.3.v20140225]
	at org.eclipse.jetty.server.handler.ScopedHandler.handle(ScopedHandler.java:143) [jetty-server-9.1.3.v20140225.jar:9.1.3.v20140225]
	at org.eclipse.jetty.security.SecurityHandler.handle(SecurityHandler.java:586) [jetty-security-9.1.3.v20140225.jar:9.1.3.v20140225]
	at org.eclipse.jetty.server.session.SessionHandler.doHandle(SessionHandler.java:221) [jetty-server-9.1.3.v20140225.jar:9.1.3.v20140225]
	at org.eclipse.jetty.server.handler.ContextHandler.doHandle(ContextHandler.java:1112) [jetty-server-9.1.3.v20140225.jar:9.1.3.v20140225]
	at org.eclipse.jetty.servlet.ServletHandler.doScope(ServletHandler.java:479) [jetty-servlet-9.1.3.v20140225.jar:9.1.3.v20140225]
	at org.eclipse.jetty.server.session.SessionHandler.doScope(SessionHandler.java:183) [jetty-server-9.1.3.v20140225.jar:9.1.3.v20140225]
	at org.eclipse.jetty.server.handler.ContextHandler.doScope(ContextHandler.java:1046) [jetty-server-9.1.3.v20140225.jar:9.1.3.v20140225]
	at org.eclipse.jetty.server.handler.ScopedHandler.handle(ScopedHandler.java:141) [jetty-server-9.1.3.v20140225.jar:9.1.3.v20140225]
	at org.eclipse.jetty.server.Dispatcher.forward(Dispatcher.java:261) [jetty-server-9.1.3.v20140225.jar:9.1.3.v20140225]
	at org.eclipse.jetty.server.Dispatcher.forward(Dispatcher.java:101) [jetty-server-9.1.3.v20140225.jar:9.1.3.v20140225]
	at hxc.userinterfaces.gui.controller.MainServlet.processRequest(MainServlet.java:50) [classes/:na]
	at hxc.userinterfaces.gui.controller.MainServlet.doGet(MainServlet.java:76) [classes/:na]
	at javax.servlet.http.HttpServlet.service(HttpServlet.java:687) [javax.servlet-api-3.1.0.jar:3.1.0]
	at javax.servlet.http.HttpServlet.service(HttpServlet.java:790) [javax.servlet-api-3.1.0.jar:3.1.0]
	at org.eclipse.jetty.servlet.ServletHolder.handle(ServletHolder.java:711) [jetty-servlet-9.1.3.v20140225.jar:9.1.3.v20140225]
	at org.eclipse.jetty.servlet.ServletHandler.doHandle(ServletHandler.java:552) [jetty-servlet-9.1.3.v20140225.jar:9.1.3.v20140225]
	at org.eclipse.jetty.server.handler.ScopedHandler.handle(ScopedHandler.java:143) [jetty-server-9.1.3.v20140225.jar:9.1.3.v20140225]
	at org.eclipse.jetty.security.SecurityHandler.handle(SecurityHandler.java:568) [jetty-security-9.1.3.v20140225.jar:9.1.3.v20140225]
	at org.eclipse.jetty.server.session.SessionHandler.doHandle(SessionHandler.java:221) [jetty-server-9.1.3.v20140225.jar:9.1.3.v20140225]
	at org.eclipse.jetty.server.handler.ContextHandler.doHandle(ContextHandler.java:1112) [jetty-server-9.1.3.v20140225.jar:9.1.3.v20140225]
	at org.eclipse.jetty.servlet.ServletHandler.doScope(ServletHandler.java:479) [jetty-servlet-9.1.3.v20140225.jar:9.1.3.v20140225]
	at org.eclipse.jetty.server.session.SessionHandler.doScope(SessionHandler.java:183) [jetty-server-9.1.3.v20140225.jar:9.1.3.v20140225]
	at org.eclipse.jetty.server.handler.ContextHandler.doScope(ContextHandler.java:1046) [jetty-server-9.1.3.v20140225.jar:9.1.3.v20140225]
	at org.eclipse.jetty.server.handler.ScopedHandler.handle(ScopedHandler.java:141) [jetty-server-9.1.3.v20140225.jar:9.1.3.v20140225]
	at org.eclipse.jetty.server.handler.ContextHandlerCollection.handle(ContextHandlerCollection.java:199) [jetty-server-9.1.3.v20140225.jar:9.1.3.v20140225]
	at org.eclipse.jetty.server.handler.HandlerWrapper.handle(HandlerWrapper.java:97) [jetty-server-9.1.3.v20140225.jar:9.1.3.v20140225]
	at org.eclipse.jetty.server.Server.handle(Server.java:462) [jetty-server-9.1.3.v20140225.jar:9.1.3.v20140225]
	at org.eclipse.jetty.server.HttpChannel.handle(HttpChannel.java:281) [jetty-server-9.1.3.v20140225.jar:9.1.3.v20140225]
	at org.eclipse.jetty.server.HttpConnection.onFillable(HttpConnection.java:232) [jetty-server-9.1.3.v20140225.jar:9.1.3.v20140225]
	at org.eclipse.jetty.io.AbstractConnection$1.run(AbstractConnection.java:505) [jetty-io-9.1.3.v20140225.jar:9.1.3.v20140225]
	at org.eclipse.jetty.util.thread.QueuedThreadPool.runJob(QueuedThreadPool.java:607) [jetty-util-9.1.3.v20140225.jar:9.1.3.v20140225]
	at org.eclipse.jetty.util.thread.QueuedThreadPool$3.run(QueuedThreadPool.java:536) [jetty-util-9.1.3.v20140225.jar:9.1.3.v20140225]
	at java.lang.Thread.run(Thread.java:745) [na:1.7.0_80]
09:59:06.956 [qtp243212758-14] ERROR org.thymeleaf.TemplateEngine - [THYMELEAF][qtp243212758-14] Exception processing template "login": Exception parsing document: template="login", line 43 - column 7
