20140123T093348.514971 3673888576 INFO  Log file location [lang-settings_run_20140123T093348/lang-settings.log]
20140123T093348.515226 3673888576 INFO  Log level [5:trace]
20140123T093348.515258 3673888576 INFO  Log rotation interval [60]
20140123T093348.516957 3673888576 DEBUG RequiredResponse.cpp(37): ASSIGNING THE LATENCY IS: 0
20140123T093348.517001 3673888576 DEBUG RequiredResponse.cpp(37): ASSIGNING THE LATENCY IS: 0
20140123T093348.517034 3673888576 DEBUG RequiredResponse.cpp(37): ASSIGNING THE LATENCY IS: 0
20140123T093348.517067 3673888576 DEBUG RequiredResponse.cpp(37): ASSIGNING THE LATENCY IS: 0
20140123T093348.517098 3673888576 DEBUG RequiredResponse.cpp(37): ASSIGNING THE LATENCY IS: 0
20140123T093348.518515 3673888576 DEBUG Connection.cpp(119): a825555c-856a-47d8-8802-6a83ebf2475e CONNECTION_CONSTRUCTED
20140123T093351.328164 3471595264 DEBUG Connection.cpp(119): 0bf03f21-fe81-4104-bc83-e636d9ae5a3c CONNECTION_CONSTRUCTED
20140123T093351.328715 3471595264 DEBUG Connection.cpp(236): (a825555c-856a-47d8-8802-6a83ebf2475e Conected to: 192.168.0.149:65085  :DATA RECEIVED
20140123T093351.329638 3471595264 DEBUG Connection.cpp(282): (a825555c-856a-47d8-8802-6a83ebf2475e Conected to: 192.168.0.149:65085  :COMPLETE MESSAGE RECEIVED
20140123T093351.329995 3471595264 DEBUG RequiredResponse.cpp(37): ASSIGNING THE LATENCY IS: 0
20140123T093351.330055 3471595264 DEBUG RequiredResponse.cpp(37): ASSIGNING THE LATENCY IS: 0
20140123T093351.331361 3471595264 DEBUG RequiredResponse.cpp(37): ASSIGNING THE LATENCY IS: 0
20140123T093351.331520 3471595264 DEBUG RequiredResponse.cpp(37): ASSIGNING THE LATENCY IS: 0
20140123T093351.331601 3471595264 DEBUG RequiredResponse.cpp(58): GETTING THE LATENCY ITS: 0
20140123T093351.331643 3471595264 DEBUG TestCaseStateMachine.cpp(493): CALCULATING interaction->getResponseLatency() = 0
20140123T093351.331675 3471595264 DEBUG RequiredResponse.cpp(58): GETTING THE LATENCY ITS: 0
20140123T093351.331717 3471595264 INFO  TestCaseStateMachine.cpp(507): 4a50ff0b-4f70-4aa9-847e-2bee90cd481b Message Validation Passed 
20140123T093351.331767 3471595264 DEBUG RequiredResponse.cpp(37): ASSIGNING THE LATENCY IS: 0
20140123T093351.331946 3471595264 INFO  HermesServer.cpp(34): 4a50ff0b-4f70-4aa9-847e-2bee90cd481b Received: <?xml version="1.0" encoding="UTF-8"?>
20140123T093351.331946 3471595264 INFO  <methodCall>
20140123T093351.331946 3471595264 INFO   <methodName>GetBalanceAndDate</methodName>
20140123T093351.331946 3471595264 INFO   <params>
20140123T093351.331946 3471595264 INFO    <param>
20140123T093351.331946 3471595264 INFO     <value>
20140123T093351.331946 3471595264 INFO      <struct>
20140123T093351.331946 3471595264 INFO       <member>
20140123T093351.331946 3471595264 INFO        <name>originHostName</name>
20140123T093351.331946 3471595264 INFO        <value>
20140123T093351.331946 3471595264 INFO         <string>c4u-zone.concurrent.co.za</string>
20140123T093351.331946 3471595264 INFO        </value>
20140123T093351.331946 3471595264 INFO       </member>
20140123T093351.331946 3471595264 INFO       <member>
20140123T093351.331946 3471595264 INFO        <name>originNodeType</name>
20140123T093351.331946 3471595264 INFO        <value>
20140123T093351.331946 3471595264 INFO         <string>EXT</string>
20140123T093351.331946 3471595264 INFO        </value>
20140123T093351.331946 3471595264 INFO       </member>
20140123T093351.331946 3471595264 INFO       <member>
20140123T093351.331946 3471595264 INFO        <name>originTimeStamp</name>
20140123T093351.331946 3471595264 INFO        <value>
20140123T093351.331946 3471595264 INFO         <dateTime.iso8601>20140123T07:32:45+0000</dateTime.iso8601>
20140123T093351.331946 3471595264 INFO        </value>
20140123T093351.331946 3471595264 INFO       </member>
20140123T093351.331946 3471595264 INFO       <member>
20140123T093351.331946 3471595264 INFO        <name>originTransactionID</name>
20140123T093351.331946 3471595264 INFO        <value>
20140123T093351.331946 3471595264 INFO         <string/>
20140123T093351.331946 3471595264 INFO        </value>
20140123T093351.331946 3471595264 INFO       </member>
20140123T093351.331946 3471595264 INFO       <member>
20140123T093351.331946 3471595264 INFO        <name>subscriberNumber</name>
20140123T093351.331946 3471595264 INFO        <value>
20140123T093351.331946 3471595264 INFO         <string>923075000112</string>
20140123T093351.331946 3471595264 INFO        </value>
20140123T093351.331946 3471595264 INFO       </member>
20140123T093351.331946 3471595264 INFO       <member>
20140123T093351.331946 3471595264 INFO        <name>subscriberNumberNAI</name>
20140123T093351.331946 3471595264 INFO        <value>
20140123T093351.331946 3471595264 INFO         <i4>1</i4>
20140123T093351.331946 3471595264 INFO        </value>
20140123T093351.331946 3471595264 INFO       </member>
20140123T093351.331946 3471595264 INFO      </struct>
20140123T093351.331946 3471595264 INFO     </value>
20140123T093351.331946 3471595264 INFO    </param>
20140123T093351.331946 3471595264 INFO   </params>
20140123T093351.331946 3471595264 INFO  </methodCall>
20140123T093351.332030 3471595264 DEBUG HermesServer.cpp(44): RESPONSE DELAY = 0 
20140123T093351.332084 3471595264 DEBUG Connection.cpp(359): (a825555c-856a-47d8-8802-6a83ebf2475e Conected to: 192.168.0.149:65085  :SENDING
20140123T093351.332229 3471595264 INFO  HermesServer.cpp(55): 4a50ff0b-4f70-4aa9-847e-2bee90cd481b Responed: HTTP/1.1 200 OK
20140123T093351.332229 3471595264 INFO  Content-Type: text/xml
20140123T093351.332229 3471595264 INFO  Content-Length: 3199
20140123T093351.332229 3471595264 INFO  
20140123T093351.332229 3471595264 INFO  <?xml version="1.0" encoding="UTF-8"?>
20140123T093351.332229 3471595264 INFO  <methodResponse>
20140123T093351.332229 3471595264 INFO   <params>
20140123T093351.332229 3471595264 INFO    <param>
20140123T093351.332229 3471595264 INFO     <value>
20140123T093351.332229 3471595264 INFO      <struct>
20140123T093351.332229 3471595264 INFO       <member>
20140123T093351.332229 3471595264 INFO        <name>accountValue1</name>
20140123T093351.332229 3471595264 INFO        <value>
20140123T093351.332229 3471595264 INFO         <string>99560</string>
20140123T093351.332229 3471595264 INFO        </value>
20140123T093351.332229 3471595264 INFO       </member>
20140123T093351.332229 3471595264 INFO       <member>
20140123T093351.332229 3471595264 INFO        <name>accountValue2</name>
20140123T093351.332229 3471595264 INFO        <value>
20140123T093351.332229 3471595264 INFO         <string>99560</string>
20140123T093351.332229 3471595264 INFO        </value>
20140123T093351.332229 3471595264 INFO       </member>
20140123T093351.332229 3471595264 INFO       <member>
20140123T093351.332229 3471595264 INFO        <name>creditClearanceDate</name>
20140123T093351.332229 3471595264 INFO        <value>
20140123T093351.332229 3471595264 INFO         <dateTime.iso8601>20140513T13:22:03+0000</dateTime.iso8601>
20140123T093351.332229 3471595264 INFO        </value>
20140123T093351.332229 3471595264 INFO       </member>
20140123T093351.332229 3471595264 INFO       <member>
20140123T093351.332229 3471595264 INFO        <name>currency1</name>
20140123T093351.332229 3471595264 INFO        <value>
20140123T093351.332229 3471595264 INFO         <string>PKR</string>
20140123T093351.332229 3471595264 INFO        </value>
20140123T093351.332229 3471595264 INFO       </member>
20140123T093351.332229 3471595264 INFO       <member>
20140123T093351.332229 3471595264 INFO        <name>currency2</name>
20140123T093351.332229 3471595264 INFO        <value>
20140123T093351.332229 3471595264 INFO         <string>PKR</string>
20140123T093351.332229 3471595264 INFO        </value>
20140123T093351.332229 3471595264 INFO       </member>
20140123T093351.332229 3471595264 INFO       <member>
20140123T093351.332229 3471595264 INFO        <name>dedicatedAccountInformation</name>
20140123T093351.332229 3471595264 INFO        <value>
20140123T093351.332229 3471595264 INFO         <array>
20140123T093351.332229 3471595264 INFO          <data>
20140123T093351.332229 3471595264 INFO           <value>
20140123T093351.332229 3471595264 INFO            <struct>
20140123T093351.332229 3471595264 INFO             <member>
20140123T093351.332229 3471595264 INFO              <name>dedicatedAccountID</name>
20140123T093351.332229 3471595264 INFO              <value>
20140123T093351.332229 3471595264 INFO               <i4>7</i4>
20140123T093351.332229 3471595264 INFO              </value>
20140123T093351.332229 3471595264 INFO             </member>
20140123T093351.332229 3471595264 INFO             <member>
20140123T093351.332229 3471595264 INFO              <name>dedicatedAccountValue1</name>
20140123T093351.332229 3471595264 INFO              <value>
20140123T093351.332229 3471595264 INFO               <string>440</string>
20140123T093351.332229 3471595264 INFO              </value>
20140123T093351.332229 3471595264 INFO             </member>
20140123T093351.332229 3471595264 INFO             <member>
20140123T093351.332229 3471595264 INFO              <name>expiryDate</name>
20140123T093351.332229 3471595264 INFO              <value>
20140123T093351.332229 3471595264 INFO               <dateTime.iso8601>20140217T06:27:08+0000</dateTime.iso8601>
20140123T093351.332229 3471595264 INFO              </value>
20140123T093351.332229 3471595264 INFO             </member>
20140123T093351.332229 3471595264 INFO            </struct>
20140123T093351.332229 3471595264 INFO           </value>
20140123T093351.332229 3471595264 INFO           <value>
20140123T093351.332229 3471595264 INFO            <struct>
20140123T093351.332229 3471595264 INFO             <member>
20140123T093351.332229 3471595264 INFO              <name>dedicatedAccountID</name>
20140123T093351.332229 3471595264 INFO              <value>
20140123T093351.332229 3471595264 INFO               <i4>99</i4>
20140123T093351.332229 3471595264 INFO              </value>
20140123T093351.332229 3471595264 INFO             </member>
20140123T093351.332229 3471595264 INFO             <member>
20140123T093351.332229 3471595264 INFO              <name>dedicatedAccountValue1</name>
20140123T093351.332229 3471595264 INFO              <value>
20140123T093351.332229 3471595264 INFO               <string>856</string>
20140123T093351.332229 3471595264 INFO              </value>
20140123T093351.332229 3471595264 INFO             </member>
20140123T093351.332229 3471595264 INFO             <member>
20140123T093351.332229 3471595264 INFO              <name>expiryDate</name>
20140123T093351.332229 3471595264 INFO              <value>
20140123T093351.332229 3471595264 INFO               <dateTime.iso8601>20140222T20:25:38+0000</dateTime.iso8601>
20140123T093351.332229 3471595264 INFO              </value>
20140123T093351.332229 3471595264 INFO             </member>
20140123T093351.332229 3471595264 INFO            </struct>
20140123T093351.332229 3471595264 INFO           </value>
20140123T093351.332229 3471595264 INFO          </data>
20140123T093351.332229 3471595264 INFO         </array>
20140123T093351.332229 3471595264 INFO        </value>
20140123T093351.332229 3471595264 INFO       </member>
20140123T093351.332229 3471595264 INFO       <member>
20140123T093351.332229 3471595264 INFO        <name>languageIDCurrent</name>
20140123T093351.332229 3471595264 INFO        <value>
20140123T093351.332229 3471595264 INFO         <i4>2</i4>
20140123T093351.332229 3471595264 INFO        </value>
20140123T093351.332229 3471595264 INFO       </member>
20140123T093351.332229 3471595264 INFO       <member>
20140123T093351.332229 3471595264 INFO        <name>originTransactionID</name>
20140123T093351.332229 3471595264 INFO        <value>
20140123T093351.332229 3471595264 INFO         <string/>
20140123T093351.332229 3471595264 INFO        </value>
20140123T093351.332229 3471595264 INFO       </member>
20140123T093351.332229 3471595264 INFO       <member>
20140123T093351.332229 3471595264 INFO        <name>responseCode</name>
20140123T093351.332229 3471595264 INFO        <value>
20140123T093351.332229 3471595264 INFO         <i4>0</i4>
20140123T093351.332229 3471595264 INFO        </value>
20140123T093351.332229 3471595264 INFO       </member>
20140123T093351.332229 3471595264 INFO       <member>
20140123T093351.332229 3471595264 INFO        <name>serviceClassCurrent</name>
20140123T093351.332229 3471595264 INFO        <value>
20140123T093351.332229 3471595264 INFO         <i4>1</i4>
20140123T093351.332229 3471595264 INFO        </value>
20140123T093351.332229 3471595264 INFO       </member>
20140123T093351.332229 3471595264 INFO       <member>
20140123T093351.332229 3471595264 INFO        <name>serviceFeeExpiryDate</name>
20140123T093351.332229 3471595264 INFO        <value>
20140123T093351.332229 3471595264 INFO         <dateTime.iso8601>20140413T13:22:03+0000</dateTime.iso8601>
20140123T093351.332229 3471595264 INFO        </value>
20140123T093351.332229 3471595264 INFO       </member>
20140123T093351.332229 3471595264 INFO       <member>
20140123T093351.332229 3471595264 INFO        <name>serviceRemovalDate</name>
20140123T093351.332229 3471595264 INFO        <value>
20140123T093351.332229 3471595264 INFO         <dateTime.iso8601>20140513T13:22:03+0000</dateTime.iso8601>
20140123T093351.332229 3471595264 INFO        </value>
20140123T093351.332229 3471595264 INFO       </member>
20140123T093351.332229 3471595264 INFO       <member>
20140123T093351.332229 3471595264 INFO        <name>supervisionExpiryDate</name>
20140123T093351.332229 3471595264 INFO        <value>
20140123T093351.332229 3471595264 INFO         <dateTime.iso8601>20140314T13:22:03+0000</dateTime.iso8601>
20140123T093351.332229 3471595264 INFO        </value>
20140123T093351.332229 3471595264 INFO       </member>
20140123T093351.332229 3471595264 INFO       <member>
20140123T093351.332229 3471595264 INFO        <name>temporaryBlockedFlag</name>
20140123T093351.332229 3471595264 INFO        <value>
20140123T093351.332229 3471595264 INFO         <boolean>0</boolean>
20140123T093351.332229 3471595264 INFO        </value>
20140123T093351.332229 3471595264 INFO       </member>
20140123T093351.332229 3471595264 INFO      </struct>
20140123T093351.332229 3471595264 INFO     </value>
20140123T093351.332229 3471595264 INFO    </param>
20140123T093351.332229 3471595264 INFO   </params>
20140123T093351.332229 3471595264 INFO  </methodResponse>
20140123T093351.332229 3471595264 INFO  
20140123T093351.332229 3471595264 INFO  
20140123T093351.332403 3471595264 INFO  HermesServer.cpp(57): REPORTSENT
20140123T093356.469100 3471595264 INFO  TestCaseStateMachine.cpp(89): 4a50ff0b-4f70-4aa9-847e-2bee90cd481b GetBalanceAndDate startTime = 1390462431329 duration 3 ms
20140123T093356.469189 3471595264 INFO  TestRunReport.cpp(78): 4a50ff0b-4f70-4aa9-847e-2bee90cd481b PASSED,, 
20140123T093356.469233 3673888576 DEBUG Connection.cpp(203): (a825555c-856a-47d8-8802-6a83ebf2475e Conected to: 192.168.0.149:65085  :closing 
20140123T093356.469283 3471595264 FAULT AsynchronousServer.cpp(84): Operation canceled
20140123T093356.469299 3673888576 DEBUG Connection.cpp(209): Closing (a825555c-856a-47d8-8802-6a83ebf2475e Conected to: 192.168.0.149:65085  :
20140123T093356.469339 3471595264 DEBUG Connection.cpp(125): 0bf03f21-fe81-4104-bc83-e636d9ae5a3cCONNECTION_DESTRUCTED
20140123T093356.469380 3471595264 DEBUG Connection.cpp(203): (0bf03f21-fe81-4104-bc83-e636d9ae5a3c Conected to: :  :closing 
20140123T093356.469417 3673888576 DEBUG AsynchronousServer.cpp(49): Stopping the work and and ioService
20140123T093356.469499 3673888576 DEBUG AsynchronousServer.cpp(53): Stopped the work and and ioService
20140123T093356.469498 3471595264 DEBUG Connection.cpp(236): (a825555c-856a-47d8-8802-6a83ebf2475e Conected to: 192.168.0.149:65085  :DATA RECEIVED
20140123T093356.469676 3471595264 FAULT Connection.cpp(340): (a825555c-856a-47d8-8802-6a83ebf2475e Conected to: 192.168.0.149:65085  :Socket ended with: 'Operation canceled'
20140123T093356.469721 3471595264 DEBUG Connection.cpp(203): (a825555c-856a-47d8-8802-6a83ebf2475e Conected to: 192.168.0.149:65085  :closing 
20140123T093356.469778 3471595264 DEBUG Connection.cpp(125): a825555c-856a-47d8-8802-6a83ebf2475eCONNECTION_DESTRUCTED
20140123T093356.469817 3471595264 DEBUG Connection.cpp(203): (a825555c-856a-47d8-8802-6a83ebf2475e Conected to: 192.168.0.149:65085  :closing 
20140123T093356.470050 3673888576 DEBUG AsynchronousServer.cpp(66): i Stopped
