20140123T093406.751561 1124493120 INFO  Log file location [lang-settings_run_20140123T093406/lang-settings.log]
20140123T093406.751680 1124493120 INFO  Log level [5:trace]
20140123T093406.751711 1124493120 INFO  Log rotation interval [60]
20140123T093406.753392 1124493120 DEBUG RequiredResponse.cpp(37): ASSIGNING THE LATENCY IS: 0
20140123T093406.753436 1124493120 DEBUG RequiredResponse.cpp(37): ASSIGNING THE LATENCY IS: 0
20140123T093406.753468 1124493120 DEBUG RequiredResponse.cpp(37): ASSIGNING THE LATENCY IS: 0
20140123T093406.753499 1124493120 DEBUG RequiredResponse.cpp(37): ASSIGNING THE LATENCY IS: 0
20140123T093406.753530 1124493120 DEBUG RequiredResponse.cpp(37): ASSIGNING THE LATENCY IS: 0
20140123T093406.754885 1124493120 DEBUG Connection.cpp(119): 2c3dbb94-3aee-4049-8e1f-98a15f9851f9 CONNECTION_CONSTRUCTED
20140123T093409.461364 922199808 DEBUG Connection.cpp(119): 92210721-6c6e-44a0-8950-7f7c636054d2 CONNECTION_CONSTRUCTED
20140123T093409.461909 922199808 DEBUG Connection.cpp(236): (2c3dbb94-3aee-4049-8e1f-98a15f9851f9 Conected to: 192.168.0.149:65096  :DATA RECEIVED
20140123T093409.462886 922199808 DEBUG Connection.cpp(282): (2c3dbb94-3aee-4049-8e1f-98a15f9851f9 Conected to: 192.168.0.149:65096  :COMPLETE MESSAGE RECEIVED
20140123T093409.463259 922199808 DEBUG RequiredResponse.cpp(37): ASSIGNING THE LATENCY IS: 0
20140123T093409.463320 922199808 DEBUG RequiredResponse.cpp(37): ASSIGNING THE LATENCY IS: 0
20140123T093409.464640 922199808 DEBUG RequiredResponse.cpp(37): ASSIGNING THE LATENCY IS: 0
20140123T093409.464807 922199808 DEBUG RequiredResponse.cpp(37): ASSIGNING THE LATENCY IS: 0
20140123T093409.464893 922199808 DEBUG RequiredResponse.cpp(58): GETTING THE LATENCY ITS: 0
20140123T093409.464935 922199808 DEBUG TestCaseStateMachine.cpp(493): CALCULATING interaction->getResponseLatency() = 0
20140123T093409.464968 922199808 DEBUG RequiredResponse.cpp(58): GETTING THE LATENCY ITS: 0
20140123T093409.465009 922199808 INFO  TestCaseStateMachine.cpp(507): 2ee2a8d2-dd9e-4afb-9c71-fbcbe0a05d7d Message Validation Passed 
20140123T093409.465060 922199808 DEBUG RequiredResponse.cpp(37): ASSIGNING THE LATENCY IS: 0
20140123T093409.465242 922199808 INFO  HermesServer.cpp(34): 2ee2a8d2-dd9e-4afb-9c71-fbcbe0a05d7d Received: <?xml version="1.0" encoding="UTF-8"?>
20140123T093409.465242 922199808 INFO  <methodCall>
20140123T093409.465242 922199808 INFO   <methodName>GetBalanceAndDate</methodName>
20140123T093409.465242 922199808 INFO   <params>
20140123T093409.465242 922199808 INFO    <param>
20140123T093409.465242 922199808 INFO     <value>
20140123T093409.465242 922199808 INFO      <struct>
20140123T093409.465242 922199808 INFO       <member>
20140123T093409.465242 922199808 INFO        <name>originHostName</name>
20140123T093409.465242 922199808 INFO        <value>
20140123T093409.465242 922199808 INFO         <string>c4u-zone.concurrent.co.za</string>
20140123T093409.465242 922199808 INFO        </value>
20140123T093409.465242 922199808 INFO       </member>
20140123T093409.465242 922199808 INFO       <member>
20140123T093409.465242 922199808 INFO        <name>originNodeType</name>
20140123T093409.465242 922199808 INFO        <value>
20140123T093409.465242 922199808 INFO         <string>EXT</string>
20140123T093409.465242 922199808 INFO        </value>
20140123T093409.465242 922199808 INFO       </member>
20140123T093409.465242 922199808 INFO       <member>
20140123T093409.465242 922199808 INFO        <name>originTimeStamp</name>
20140123T093409.465242 922199808 INFO        <value>
20140123T093409.465242 922199808 INFO         <dateTime.iso8601>20140123T07:33:03+0000</dateTime.iso8601>
20140123T093409.465242 922199808 INFO        </value>
20140123T093409.465242 922199808 INFO       </member>
20140123T093409.465242 922199808 INFO       <member>
20140123T093409.465242 922199808 INFO        <name>originTransactionID</name>
20140123T093409.465242 922199808 INFO        <value>
20140123T093409.465242 922199808 INFO         <string/>
20140123T093409.465242 922199808 INFO        </value>
20140123T093409.465242 922199808 INFO       </member>
20140123T093409.465242 922199808 INFO       <member>
20140123T093409.465242 922199808 INFO        <name>subscriberNumber</name>
20140123T093409.465242 922199808 INFO        <value>
20140123T093409.465242 922199808 INFO         <string>923075000112</string>
20140123T093409.465242 922199808 INFO        </value>
20140123T093409.465242 922199808 INFO       </member>
20140123T093409.465242 922199808 INFO       <member>
20140123T093409.465242 922199808 INFO        <name>subscriberNumberNAI</name>
20140123T093409.465242 922199808 INFO        <value>
20140123T093409.465242 922199808 INFO         <i4>1</i4>
20140123T093409.465242 922199808 INFO        </value>
20140123T093409.465242 922199808 INFO       </member>
20140123T093409.465242 922199808 INFO      </struct>
20140123T093409.465242 922199808 INFO     </value>
20140123T093409.465242 922199808 INFO    </param>
20140123T093409.465242 922199808 INFO   </params>
20140123T093409.465242 922199808 INFO  </methodCall>
20140123T093409.465327 922199808 DEBUG HermesServer.cpp(44): RESPONSE DELAY = 0 
20140123T093409.465381 922199808 DEBUG Connection.cpp(359): (2c3dbb94-3aee-4049-8e1f-98a15f9851f9 Conected to: 192.168.0.149:65096  :SENDING
20140123T093409.465529 922199808 INFO  HermesServer.cpp(55): 2ee2a8d2-dd9e-4afb-9c71-fbcbe0a05d7d Responed: HTTP/1.1 200 OK
20140123T093409.465529 922199808 INFO  Content-Type: text/xml
20140123T093409.465529 922199808 INFO  Content-Length: 3199
20140123T093409.465529 922199808 INFO  
20140123T093409.465529 922199808 INFO  <?xml version="1.0" encoding="UTF-8"?>
20140123T093409.465529 922199808 INFO  <methodResponse>
20140123T093409.465529 922199808 INFO   <params>
20140123T093409.465529 922199808 INFO    <param>
20140123T093409.465529 922199808 INFO     <value>
20140123T093409.465529 922199808 INFO      <struct>
20140123T093409.465529 922199808 INFO       <member>
20140123T093409.465529 922199808 INFO        <name>accountValue1</name>
20140123T093409.465529 922199808 INFO        <value>
20140123T093409.465529 922199808 INFO         <string>99560</string>
20140123T093409.465529 922199808 INFO        </value>
20140123T093409.465529 922199808 INFO       </member>
20140123T093409.465529 922199808 INFO       <member>
20140123T093409.465529 922199808 INFO        <name>accountValue2</name>
20140123T093409.465529 922199808 INFO        <value>
20140123T093409.465529 922199808 INFO         <string>99560</string>
20140123T093409.465529 922199808 INFO        </value>
20140123T093409.465529 922199808 INFO       </member>
20140123T093409.465529 922199808 INFO       <member>
20140123T093409.465529 922199808 INFO        <name>creditClearanceDate</name>
20140123T093409.465529 922199808 INFO        <value>
20140123T093409.465529 922199808 INFO         <dateTime.iso8601>20140513T13:22:03+0000</dateTime.iso8601>
20140123T093409.465529 922199808 INFO        </value>
20140123T093409.465529 922199808 INFO       </member>
20140123T093409.465529 922199808 INFO       <member>
20140123T093409.465529 922199808 INFO        <name>currency1</name>
20140123T093409.465529 922199808 INFO        <value>
20140123T093409.465529 922199808 INFO         <string>PKR</string>
20140123T093409.465529 922199808 INFO        </value>
20140123T093409.465529 922199808 INFO       </member>
20140123T093409.465529 922199808 INFO       <member>
20140123T093409.465529 922199808 INFO        <name>currency2</name>
20140123T093409.465529 922199808 INFO        <value>
20140123T093409.465529 922199808 INFO         <string>PKR</string>
20140123T093409.465529 922199808 INFO        </value>
20140123T093409.465529 922199808 INFO       </member>
20140123T093409.465529 922199808 INFO       <member>
20140123T093409.465529 922199808 INFO        <name>dedicatedAccountInformation</name>
20140123T093409.465529 922199808 INFO        <value>
20140123T093409.465529 922199808 INFO         <array>
20140123T093409.465529 922199808 INFO          <data>
20140123T093409.465529 922199808 INFO           <value>
20140123T093409.465529 922199808 INFO            <struct>
20140123T093409.465529 922199808 INFO             <member>
20140123T093409.465529 922199808 INFO              <name>dedicatedAccountID</name>
20140123T093409.465529 922199808 INFO              <value>
20140123T093409.465529 922199808 INFO               <i4>7</i4>
20140123T093409.465529 922199808 INFO              </value>
20140123T093409.465529 922199808 INFO             </member>
20140123T093409.465529 922199808 INFO             <member>
20140123T093409.465529 922199808 INFO              <name>dedicatedAccountValue1</name>
20140123T093409.465529 922199808 INFO              <value>
20140123T093409.465529 922199808 INFO               <string>440</string>
20140123T093409.465529 922199808 INFO              </value>
20140123T093409.465529 922199808 INFO             </member>
20140123T093409.465529 922199808 INFO             <member>
20140123T093409.465529 922199808 INFO              <name>expiryDate</name>
20140123T093409.465529 922199808 INFO              <value>
20140123T093409.465529 922199808 INFO               <dateTime.iso8601>20140217T06:27:08+0000</dateTime.iso8601>
20140123T093409.465529 922199808 INFO              </value>
20140123T093409.465529 922199808 INFO             </member>
20140123T093409.465529 922199808 INFO            </struct>
20140123T093409.465529 922199808 INFO           </value>
20140123T093409.465529 922199808 INFO           <value>
20140123T093409.465529 922199808 INFO            <struct>
20140123T093409.465529 922199808 INFO             <member>
20140123T093409.465529 922199808 INFO              <name>dedicatedAccountID</name>
20140123T093409.465529 922199808 INFO              <value>
20140123T093409.465529 922199808 INFO               <i4>99</i4>
20140123T093409.465529 922199808 INFO              </value>
20140123T093409.465529 922199808 INFO             </member>
20140123T093409.465529 922199808 INFO             <member>
20140123T093409.465529 922199808 INFO              <name>dedicatedAccountValue1</name>
20140123T093409.465529 922199808 INFO              <value>
20140123T093409.465529 922199808 INFO               <string>856</string>
20140123T093409.465529 922199808 INFO              </value>
20140123T093409.465529 922199808 INFO             </member>
20140123T093409.465529 922199808 INFO             <member>
20140123T093409.465529 922199808 INFO              <name>expiryDate</name>
20140123T093409.465529 922199808 INFO              <value>
20140123T093409.465529 922199808 INFO               <dateTime.iso8601>20140222T20:25:38+0000</dateTime.iso8601>
20140123T093409.465529 922199808 INFO              </value>
20140123T093409.465529 922199808 INFO             </member>
20140123T093409.465529 922199808 INFO            </struct>
20140123T093409.465529 922199808 INFO           </value>
20140123T093409.465529 922199808 INFO          </data>
20140123T093409.465529 922199808 INFO         </array>
20140123T093409.465529 922199808 INFO        </value>
20140123T093409.465529 922199808 INFO       </member>
20140123T093409.465529 922199808 INFO       <member>
20140123T093409.465529 922199808 INFO        <name>languageIDCurrent</name>
20140123T093409.465529 922199808 INFO        <value>
20140123T093409.465529 922199808 INFO         <i4>1</i4>
20140123T093409.465529 922199808 INFO        </value>
20140123T093409.465529 922199808 INFO       </member>
20140123T093409.465529 922199808 INFO       <member>
20140123T093409.465529 922199808 INFO        <name>originTransactionID</name>
20140123T093409.465529 922199808 INFO        <value>
20140123T093409.465529 922199808 INFO         <string/>
20140123T093409.465529 922199808 INFO        </value>
20140123T093409.465529 922199808 INFO       </member>
20140123T093409.465529 922199808 INFO       <member>
20140123T093409.465529 922199808 INFO        <name>responseCode</name>
20140123T093409.465529 922199808 INFO        <value>
20140123T093409.465529 922199808 INFO         <i4>0</i4>
20140123T093409.465529 922199808 INFO        </value>
20140123T093409.465529 922199808 INFO       </member>
20140123T093409.465529 922199808 INFO       <member>
20140123T093409.465529 922199808 INFO        <name>serviceClassCurrent</name>
20140123T093409.465529 922199808 INFO        <value>
20140123T093409.465529 922199808 INFO         <i4>1</i4>
20140123T093409.465529 922199808 INFO        </value>
20140123T093409.465529 922199808 INFO       </member>
20140123T093409.465529 922199808 INFO       <member>
20140123T093409.465529 922199808 INFO        <name>serviceFeeExpiryDate</name>
20140123T093409.465529 922199808 INFO        <value>
20140123T093409.465529 922199808 INFO         <dateTime.iso8601>20140413T13:22:03+0000</dateTime.iso8601>
20140123T093409.465529 922199808 INFO        </value>
20140123T093409.465529 922199808 INFO       </member>
20140123T093409.465529 922199808 INFO       <member>
20140123T093409.465529 922199808 INFO        <name>serviceRemovalDate</name>
20140123T093409.465529 922199808 INFO        <value>
20140123T093409.465529 922199808 INFO         <dateTime.iso8601>20140513T13:22:03+0000</dateTime.iso8601>
20140123T093409.465529 922199808 INFO        </value>
20140123T093409.465529 922199808 INFO       </member>
20140123T093409.465529 922199808 INFO       <member>
20140123T093409.465529 922199808 INFO        <name>supervisionExpiryDate</name>
20140123T093409.465529 922199808 INFO        <value>
20140123T093409.465529 922199808 INFO         <dateTime.iso8601>20140314T13:22:03+0000</dateTime.iso8601>
20140123T093409.465529 922199808 INFO        </value>
20140123T093409.465529 922199808 INFO       </member>
20140123T093409.465529 922199808 INFO       <member>
20140123T093409.465529 922199808 INFO        <name>temporaryBlockedFlag</name>
20140123T093409.465529 922199808 INFO        <value>
20140123T093409.465529 922199808 INFO         <boolean>0</boolean>
20140123T093409.465529 922199808 INFO        </value>
20140123T093409.465529 922199808 INFO       </member>
20140123T093409.465529 922199808 INFO      </struct>
20140123T093409.465529 922199808 INFO     </value>
20140123T093409.465529 922199808 INFO    </param>
20140123T093409.465529 922199808 INFO   </params>
20140123T093409.465529 922199808 INFO  </methodResponse>
20140123T093409.465529 922199808 INFO  
20140123T093409.465529 922199808 INFO  
20140123T093409.465662 922199808 INFO  HermesServer.cpp(57): REPORTSENT
20140123T093414.468087 922199808 DEBUG Connection.cpp(236): (2c3dbb94-3aee-4049-8e1f-98a15f9851f9 Conected to: 192.168.0.149:65096  :DATA RECEIVED
20140123T093414.468199 922199808 FAULT Connection.cpp(336): (2c3dbb94-3aee-4049-8e1f-98a15f9851f9 Conected to: 192.168.0.149:65096  :Socket ended with: 'End of file'
20140123T093414.468276 922199808 DEBUG Connection.cpp(203): (2c3dbb94-3aee-4049-8e1f-98a15f9851f9 Conected to: 192.168.0.149:65096  :closing 
20140123T093414.468325 922199808 DEBUG Connection.cpp(209): Closing (2c3dbb94-3aee-4049-8e1f-98a15f9851f9 Conected to: 192.168.0.149:65096  :
20140123T093414.468497 922199808 DEBUG Connection.cpp(125): 2c3dbb94-3aee-4049-8e1f-98a15f9851f9CONNECTION_DESTRUCTED
20140123T093414.468548 922199808 DEBUG Connection.cpp(203): (2c3dbb94-3aee-4049-8e1f-98a15f9851f9 Conected to: 192.168.0.149:65096  :closing 
20140123T093414.560765 922199808 INFO  TestCaseStateMachine.cpp(89): 2ee2a8d2-dd9e-4afb-9c71-fbcbe0a05d7d GetBalanceAndDate startTime = 1390462449462 duration 3 ms
20140123T093414.560862 922199808 INFO  TestRunReport.cpp(78): 2ee2a8d2-dd9e-4afb-9c71-fbcbe0a05d7d PASSED,, 
20140123T093414.560863 1124493120 DEBUG Connection.cpp(203): (92210721-6c6e-44a0-8950-7f7c636054d2 Conected to: :  :closing 
20140123T093414.560942 1124493120 DEBUG AsynchronousServer.cpp(49): Stopping the work and and ioService
20140123T093414.560962 922199808 FAULT AsynchronousServer.cpp(84): Operation canceled
20140123T093414.561014 922199808 DEBUG Connection.cpp(125): 92210721-6c6e-44a0-8950-7f7c636054d2CONNECTION_DESTRUCTED
20140123T093414.561019 1124493120 DEBUG AsynchronousServer.cpp(53): Stopped the work and and ioService
20140123T093414.561055 922199808 DEBUG Connection.cpp(203): (92210721-6c6e-44a0-8950-7f7c636054d2 Conected to: :  :closing 
20140123T093414.561329 1124493120 DEBUG AsynchronousServer.cpp(66): i Stopped
